<?xml version="1.0" encoding="UTF-8"?>
<!-- Generated by org.testng.reporters.JUnitReportReporter -->
<testsuite hostname="DESKTOP-P6OIP1G" failures="0" tests="3" name="suit.demo2" time="0.017" errors="0" timestamp="2021-07-12T20:25:03 IST" skipped="0">
  <testcase classname="suit.demo2" name="TC5" time="0.004"/>
  <system-out>
    <![CDATA[Running TC5]]>
  </system-out>
  <testcase classname="suit.demo2" name="TC4" time="0.012"/>
  <system-out>
    <![CDATA[Running T4]]>
  </system-out>
  <testcase classname="suit.demo2" name="TC6" time="0.001"/>
  <system-out>
    <![CDATA[Running TC6]]>
  </system-out>
</testsuite> <!-- suit.demo2 -->
