<?xml version="1.0" encoding="UTF-8"?>
<!-- Generated by org.testng.reporters.JUnitReportReporter -->
<testsuite hostname="DESKTOP-P6OIP1G" failures="0" tests="1" name="Parallel.para3" time="20.501" errors="0" timestamp="2021-07-20T20:37:38 IST" skipped="0">
  <testcase classname="Parallel.para3" name="TC1" time="20.501"/>
  <system-out/>
</testsuite> <!-- Parallel.para3 -->
