<?xml version="1.0" encoding="UTF-8"?>
<!-- Generated by org.testng.reporters.JUnitReportReporter -->
<testsuite hostname="DESKTOP-P6OIP1G" failures="0" tests="3" name="Disabled_TC_execution.using_include_exclude_suit" time="0.033" errors="0" timestamp="2021-07-16T20:31:04 IST" skipped="0">
  <testcase classname="Disabled_TC_execution.using_include_exclude_suit" name="TC2" time="0.023"/>
  <system-out>
    <![CDATA[Running TC2]]>
  </system-out>
  <testcase classname="Disabled_TC_execution.using_include_exclude_suit" name="TC5" time="0.006"/>
  <system-out>
    <![CDATA[Running TC5]]>
  </system-out>
  <testcase classname="Disabled_TC_execution.using_include_exclude_suit" name="TC4" time="0.004"/>
  <system-out>
    <![CDATA[Running TC4]]>
  </system-out>
</testsuite> <!-- Disabled_TC_execution.using_include_exclude_suit -->
