<?xml version="1.0" encoding="UTF-8"?>
<!-- Generated by org.testng.reporters.JUnitReportReporter -->
<testsuite hostname="DESKTOP-P6OIP1G" failures="0" tests="1" name="TestNG.EX1_URL" time="7.371" errors="0" timestamp="2021-07-08T17:35:46 IST" skipped="0">
  <testcase classname="TestNG.EX1_URL" name="TC1" time="7.371"/>
  <system-out>
    <![CDATA[sonali pisal
pune]]>
  </system-out>
</testsuite> <!-- TestNG.EX1_URL -->
