<?xml version="1.0" encoding="UTF-8"?>
<!-- Generated by org.testng.reporters.JUnitReportReporter -->
<testsuite hostname="DESKTOP-P6OIP1G" failures="0" tests="5" name="Grouping.EX1_Groups1" time="0.052" errors="0" timestamp="2021-07-19T17:23:53 IST" skipped="0">
  <testcase classname="Grouping.EX1_Groups1" name="TC1" time="0.033"/>
  <system-out>
    <![CDATA[Running TC1]]>
  </system-out>
  <testcase classname="Grouping.EX1_Groups1" name="TC7" time="0.006"/>
  <system-out>
    <![CDATA[Running TC7]]>
  </system-out>
  <testcase classname="Grouping.EX1_Groups1" name="TC3" time="0.004"/>
  <system-out>
    <![CDATA[Running TC3]]>
  </system-out>
  <testcase classname="Grouping.EX1_Groups1" name="TC5" time="0.006"/>
  <system-out>
    <![CDATA[Running TC5]]>
  </system-out>
  <testcase classname="Grouping.EX1_Groups1" name="TC4" time="0.003"/>
  <system-out>
    <![CDATA[Running TC4]]>
  </system-out>
</testsuite> <!-- Grouping.EX1_Groups1 -->
