<?xml version="1.0" encoding="UTF-8"?>
<!-- Generated by org.testng.reporters.JUnitReportReporter -->
<testsuite hostname="DESKTOP-P6OIP1G" failures="0" tests="1" name="POM_DDF_TestNG_Base_Utility.newkite_login_testNG" time="7.654" errors="0" timestamp="2021-07-20T12:05:32 IST" skipped="0">
  <testcase classname="POM_DDF_TestNG_Base_Utility.newkite_login_testNG" name="verifyuserID" time="7.654"/>
  <system-out>
    <![CDATA[Running verifyUserIdTest Scripts]]>
  </system-out>
</testsuite> <!-- POM_DDF_TestNG_Base_Utility.newkite_login_testNG -->
