<?xml version="1.0" encoding="UTF-8"?>
<!-- Generated by org.testng.reporters.JUnitReportReporter -->
<testsuite hostname="DESKTOP-P6OIP1G" failures="0" tests="2" name="suit.demo3" time="0.004" errors="0" timestamp="2021-07-12T20:25:03 IST" skipped="0">
  <testcase classname="suit.demo3" name="TC8" time="0.002"/>
  <system-out>
    <![CDATA[Running TC8]]>
  </system-out>
  <testcase classname="suit.demo3" name="TC7" time="0.002"/>
  <system-out>
    <![CDATA[Running TC7]]>
  </system-out>
</testsuite> <!-- suit.demo3 -->
