<?xml version="1.0" encoding="UTF-8"?>
<!-- Generated by org.testng.reporters.JUnitReportReporter -->
<testsuite hostname="DESKTOP-P6OIP1G" failures="0" tests="1" name="POM_DDF_TestNG.newkite_login_testNG" time="9.189" errors="0" timestamp="2021-07-19T23:00:11 IST" skipped="0">
  <testcase classname="POM_DDF_TestNG.newkite_login_testNG" name="verifyuserID" time="9.189"/>
  <system-out>
    <![CDATA[Running verifyUserIdTest Scripts]]>
  </system-out>
</testsuite> <!-- POM_DDF_TestNG.newkite_login_testNG -->
