<?xml version="1.0" encoding="UTF-8"?>
<!-- Generated by org.testng.reporters.JUnitReportReporter -->
<testsuite hostname="DESKTOP-P6OIP1G" failures="0" tests="1" name="DDF.testng" time="0.016" errors="0" timestamp="2021-07-08T17:22:54 IST" skipped="0">
  <testcase classname="DDF.testng" name="TC1" time="0.016"/>
  <system-out>
    <![CDATA[sonali]]>
  </system-out>
</testsuite> <!-- DDF.testng -->
