<?xml version="1.0" encoding="UTF-8"?>
<!-- Generated by org.testng.reporters.JUnitReportReporter -->
<testsuite hostname="DESKTOP-P6OIP1G" failures="0" tests="2" name="TestNG.ex_annotations" time="0.018" errors="0" timestamp="2021-07-09T21:39:55 IST" skipped="0">
  <testcase classname="TestNG.ex_annotations" name="TC2" time="0.008"/>
  <system-out>
    <![CDATA[Running TC1]]>
  </system-out>
  <testcase classname="TestNG.ex_annotations" name="TC1" time="0.010"/>
  <system-out>
    <![CDATA[Running TC1]]>
  </system-out>
</testsuite> <!-- TestNG.ex_annotations -->
