<?xml version="1.0" encoding="UTF-8"?>
<!-- Generated by org.testng.reporters.JUnitReportReporter -->
<testsuite hostname="DESKTOP-P6OIP1G" failures="0" tests="2" name="Annotations.ex_annotations" time="0.017" errors="0" timestamp="2021-07-09T15:27:38 IST" skipped="0">
  <testcase classname="Annotations.ex_annotations" name="TC2" time="0.002"/>
  <system-out>
    <![CDATA[Running TC1]]>
  </system-out>
  <testcase classname="Annotations.ex_annotations" name="TC1" time="0.015"/>
  <system-out>
    <![CDATA[Running TC1]]>
  </system-out>
</testsuite> <!-- Annotations.ex_annotations -->
