<?xml version="1.0" encoding="UTF-8"?>
<!-- Generated by org.testng.reporters.JUnitReportReporter -->
<testsuite hostname="DESKTOP-P6OIP1G" failures="0" tests="4" name="TestNG.TestCases" time="0.086" errors="0" timestamp="2021-07-09T21:41:04 IST" skipped="0">
  <testcase classname="TestNG.TestCases" name="TC1" time="0.054"/>
  <system-out>
    <![CDATA[Running TC1]]>
  </system-out>
  <testcase classname="TestNG.TestCases" name="TC4" time="0.006"/>
  <system-out>
    <![CDATA[Running TC4]]>
  </system-out>
  <testcase classname="TestNG.TestCases" name="TC2" time="0.006"/>
  <system-out>
    <![CDATA[Running TC2]]>
  </system-out>
  <testcase classname="TestNG.TestCases" name="TC3" time="0.020"/>
  <system-out>
    <![CDATA[Running TC3]]>
  </system-out>
</testsuite> <!-- TestNG.TestCases -->
