<?xml version="1.0" encoding="UTF-8"?>
<!-- Generated by org.testng.reporters.JUnitReportReporter -->
<testsuite hostname="DESKTOP-P6OIP1G" failures="0" tests="5" name="Grouping.EX2_Groups2" time="0.046" errors="0" timestamp="2021-07-19T17:23:53 IST" skipped="0">
  <testcase classname="Grouping.EX2_Groups2" name="TC6" time="0.007"/>
  <system-out>
    <![CDATA[Running TC6]]>
  </system-out>
  <testcase classname="Grouping.EX2_Groups2" name="TC3" time="0.023"/>
  <system-out>
    <![CDATA[Running TC3]]>
  </system-out>
  <testcase classname="Grouping.EX2_Groups2" name="TC7" time="0.003"/>
  <system-out>
    <![CDATA[Running TC7]]>
  </system-out>
  <testcase classname="Grouping.EX2_Groups2" name="TC5" time="0.005"/>
  <system-out>
    <![CDATA[Running TC5]]>
  </system-out>
  <testcase classname="Grouping.EX2_Groups2" name="TC1" time="0.008"/>
  <system-out>
    <![CDATA[Running TC1]]>
  </system-out>
</testsuite> <!-- Grouping.EX2_Groups2 -->
