<?xml version="1.0" encoding="UTF-8"?>
<!-- Generated by org.testng.reporters.JUnitReportReporter -->
<testsuite hostname="DESKTOP-P6OIP1G" failures="0" tests="1" name="Parallel.para2" time="18.872" errors="0" timestamp="2021-07-20T20:37:38 IST" skipped="0">
  <testcase classname="Parallel.para2" name="TC1" time="18.872"/>
  <system-out/>
</testsuite> <!-- Parallel.para2 -->
