<?xml version="1.0" encoding="UTF-8"?>
<!-- Generated by org.testng.reporters.JUnitReportReporter -->
<testsuite hostname="DESKTOP-P6OIP1G" failures="0" tests="2" name="Multibrawser_compatibility_testing.ex1_multi" time="35.705" errors="0" timestamp="2021-07-17T18:36:28 IST" skipped="0">
  <testcase classname="Multibrawser_compatibility_testing.ex1_multi" name="TC" time="14.614"/>
  <system-out/>
  <testcase classname="Multibrawser_compatibility_testing.ex1_multi" name="TC" time="21.091"/>
  <system-out/>
</testsuite> <!-- Multibrawser_compatibility_testing.ex1_multi -->
