<?xml version="1.0" encoding="UTF-8"?>
<!-- Generated by org.testng.reporters.JUnitReportReporter -->
<testsuite hostname="DESKTOP-P6OIP1G" failures="0" tests="4" name="Disabled_TC_execution.using_enabled_keword" time="0.026" errors="0" timestamp="2021-07-16T20:15:44 IST" skipped="2">
  <testcase classname="Disabled_TC_execution.using_enabled_keword" name="TC2" time="0.022"/>
  <system-out>
    <![CDATA[Running TC2]]>
  </system-out>
  <testcase classname="Disabled_TC_execution.using_enabled_keword" name="TC4" time="0.004"/>
  <system-out>
    <![CDATA[Running TC4]]>
  </system-out>
  <testcase classname="Disabled_TC_execution.using_enabled_keword" name="TC3">
    <skipped/>
  </testcase> <!-- TC3 -->
  <system-out/>
  <testcase classname="Disabled_TC_execution.using_enabled_keword" name="TC1">
    <skipped/>
  </testcase> <!-- TC1 -->
  <system-out/>
</testsuite> <!-- Disabled_TC_execution.using_enabled_keword -->
